2025-02-03 11:02:34,162 - Erro no item 65: Message: element click intercepted: Element <a class="hfpxzc" aria-label="Sevel Hyundai Matriz: Carros Novos, Creta, Hb20, Troca de óleo, Aracaju SE" href="https://www.google.com/maps/place/Sevel+Hyundai+Matriz:+Carros+Novos,+Creta,+Hb20,+Troca+de+%C3%B3leo,+Aracaju+SE/data=!4m7!3m6!1s0x71ab30d915d2f15:0x4c128b904b12935a!8m2!3d-10.9095103!4d-37.0651274!16s%2Fg%2F11bbw_txh7!19sChIJFS9dkQ2zGgcRWpMSS5CLEkw?authuser=0&amp;hl=pt-BR&amp;rclk=1" jsaction="pane.wfvdle226;focus:pane.wfvdle226;blur:pane.wfvdle226;auxclick:pane.wfvdle226;keydown:pane.wfvdle226;clickmod:pane.wfvdle226" jslog="12690;track:click,contextmenu;mutable:true;metadata:WyIwYWhVS0V3aWI4ZnFPMUtlTEF4V2VycFVDSFpmTEhCRVE4QmNJZXlnQSIsbnVsbCw2N10="></a> is not clickable at point (273, 1394). Other element would receive the click: <span class="doJOZc">...</span>
  (Session info: chrome=132.0.6834.160)
Stacktrace:
	GetHandleVerifier [0x00007FF6932D02F5+28725]
	(No symbol) [0x00007FF693232AE0]
	(No symbol) [0x00007FF6930C510A]
	(No symbol) [0x00007FF6931210F8]
	(No symbol) [0x00007FF69311EB42]
	(No symbol) [0x00007FF69311BC51]
	(No symbol) [0x00007FF69311ABB1]
	(No symbol) [0x00007FF69310C6B4]
	(No symbol) [0x00007FF69313FFAA]
	(No symbol) [0x00007FF69310BF86]
	(No symbol) [0x00007FF6931401C0]
	(No symbol) [0x00007FF693160181]
	(No symbol) [0x00007FF69313FD53]
	(No symbol) [0x00007FF69310A0E3]
	(No symbol) [0x00007FF69310B471]
	GetHandleVerifier [0x00007FF6935FF30D+3366989]
	GetHandleVerifier [0x00007FF6936112F0+3440688]
	GetHandleVerifier [0x00007FF6936078FD+3401277]
	GetHandleVerifier [0x00007FF69339AAAB+858091]
	(No symbol) [0x00007FF69323E74F]
	(No symbol) [0x00007FF69323A304]
	(No symbol) [0x00007FF69323A49D]
	(No symbol) [0x00007FF693228B69]
	BaseThreadInitThunk [0x00007FFF6B11E8D7+23]
	RtlUserThreadStart [0x00007FFF6D39FBCC+44]

2025-02-03 11:16:27,763 - Erro no item 63: Message: element click intercepted: Element <a class="hfpxzc" aria-label="Sevel Hyundai Matriz: Carros Novos, Creta, Hb20, Troca de óleo, Aracaju SE" href="https://www.google.com/maps/place/Sevel+Hyundai+Matriz:+Carros+Novos,+Creta,+Hb20,+Troca+de+%C3%B3leo,+Aracaju+SE/data=!4m7!3m6!1s0x71ab30d915d2f15:0x4c128b904b12935a!8m2!3d-10.9095103!4d-37.0651274!16s%2Fg%2F11bbw_txh7!19sChIJFS9dkQ2zGgcRWpMSS5CLEkw?authuser=0&amp;hl=pt-BR&amp;rclk=1" jsaction="pane.wfvdle210;focus:pane.wfvdle210;blur:pane.wfvdle210;auxclick:pane.wfvdle210;keydown:pane.wfvdle210;clickmod:pane.wfvdle210" jslog="12690;track:click,contextmenu;mutable:true;metadata:WyIwYWhVS0V3alYtb21lMTZlTEF4WHdxSlVDSFJiQk5vOFE4QmNJVWlnQSIsbnVsbCw2Nl0="></a> is not clickable at point (273, 1394). Other element would receive the click: <span class="doJOZc">...</span>
  (Session info: chrome=132.0.6834.160)
Stacktrace:
	GetHandleVerifier [0x00007FF6932D02F5+28725]
	(No symbol) [0x00007FF693232AE0]
	(No symbol) [0x00007FF6930C510A]
	(No symbol) [0x00007FF6931210F8]
	(No symbol) [0x00007FF69311EB42]
	(No symbol) [0x00007FF69311BC51]
	(No symbol) [0x00007FF69311ABB1]
	(No symbol) [0x00007FF69310C6B4]
	(No symbol) [0x00007FF69313FFAA]
	(No symbol) [0x00007FF69310BF86]
	(No symbol) [0x00007FF6931401C0]
	(No symbol) [0x00007FF693160181]
	(No symbol) [0x00007FF69313FD53]
	(No symbol) [0x00007FF69310A0E3]
	(No symbol) [0x00007FF69310B471]
	GetHandleVerifier [0x00007FF6935FF30D+3366989]
	GetHandleVerifier [0x00007FF6936112F0+3440688]
	GetHandleVerifier [0x00007FF6936078FD+3401277]
	GetHandleVerifier [0x00007FF69339AAAB+858091]
	(No symbol) [0x00007FF69323E74F]
	(No symbol) [0x00007FF69323A304]
	(No symbol) [0x00007FF69323A49D]
	(No symbol) [0x00007FF693228B69]
	BaseThreadInitThunk [0x00007FFF6B11E8D7+23]
	RtlUserThreadStart [0x00007FFF6D39FBCC+44]

2025-02-03 11:19:37,614 - Erro no item 98: Message: element click intercepted: Element <a class="hfpxzc" aria-label="Sergipe Veículos Comerciais" href="https://www.google.com/maps/place/Sergipe+Ve%C3%ADculos+Comerciais/data=!4m7!3m6!1s0x71ab30dc2412ac7:0x955255351ae4cad!8m2!3d-10.9091547!4d-37.065482!16s%2Fg%2F1tlndn21!19sChIJxypBwg2zGgcRrUyuUVMlVQk?authuser=0&amp;hl=pt-BR&amp;rclk=1" jsaction="pane.wfvdle307;focus:pane.wfvdle307;blur:pane.wfvdle307;auxclick:pane.wfvdle307;keydown:pane.wfvdle307;clickmod:pane.wfvdle307" jslog="12690;track:click,contextmenu;mutable:true;metadata:WyIwYWhVS0V3aVc0Si1mMTZlTEF4VWRwcFVDSFdXVEhmOFE4QmNJcXdVb0FBIixudWxsLDEwMl0="></a> is not clickable at point (273, 1436). Other element would receive the click: <button class="e2moi" jsaction="pane.wfvdle57;keydown:ripple.nested;mousedown:ripple.nested;ptrdown:ripple.nested" jslog="133106; track:click;">...</button>
  (Session info: chrome=132.0.6834.160)
Stacktrace:
	GetHandleVerifier [0x00007FF6932D02F5+28725]
	(No symbol) [0x00007FF693232AE0]
	(No symbol) [0x00007FF6930C510A]
	(No symbol) [0x00007FF6931210F8]
	(No symbol) [0x00007FF69311EB42]
	(No symbol) [0x00007FF69311BC51]
	(No symbol) [0x00007FF69311ABB1]
	(No symbol) [0x00007FF69310C6B4]
	(No symbol) [0x00007FF69313FFAA]
	(No symbol) [0x00007FF69310BF86]
	(No symbol) [0x00007FF6931401C0]
	(No symbol) [0x00007FF693160181]
	(No symbol) [0x00007FF69313FD53]
	(No symbol) [0x00007FF69310A0E3]
	(No symbol) [0x00007FF69310B471]
	GetHandleVerifier [0x00007FF6935FF30D+3366989]
	GetHandleVerifier [0x00007FF6936112F0+3440688]
	GetHandleVerifier [0x00007FF6936078FD+3401277]
	GetHandleVerifier [0x00007FF69339AAAB+858091]
	(No symbol) [0x00007FF69323E74F]
	(No symbol) [0x00007FF69323A304]
	(No symbol) [0x00007FF69323A49D]
	(No symbol) [0x00007FF693228B69]
	BaseThreadInitThunk [0x00007FFF6B11E8D7+23]
	RtlUserThreadStart [0x00007FFF6D39FBCC+44]

